<?xml version="1.0" encoding="UTF-8"?>
<robot generator="Robot 3.1.2 (Python 3.7.5 on win32)" generated="20230512 12:09:28.004" rpa="false">
<suite id="s1" name="nopCommerceProject" source="C:\Users\kumaran\eclipse-workspace\robotframework\nopCommerceProject (1).zip_expanded\nopCommerceProject">
<suite id="s1-s1" name="TestSuite" source="C:\Users\kumaran\eclipse-workspace\robotframework\nopCommerceProject (1).zip_expanded\nopCommerceProject\TestSuite">
<suite id="s1-s1-s1" name="Register" source="C:\Users\kumaran\eclipse-workspace\robotframework\nopCommerceProject (1).zip_expanded\nopCommerceProject\TestSuite\Register.robot">
<test id="s1-s1-s1-t1" name="Register User and Validating Registration details">
<kw name="Open Browser" library="SeleniumLibrary" type="setup">
<doc>Opens a new browser instance to the given ``url``.</doc>
<arguments>
<arg>${url}</arg>
<arg>${browserName}</arg>
</arguments>
<msg timestamp="20230512 12:09:29.150" level="INFO">Opening browser 'Chrome' to base url 'https://demo.nopcommerce.com/'.</msg>
<status status="PASS" starttime="20230512 12:09:29.150" endtime="20230512 12:09:40.037"></status>
</kw>
<kw name="Maximize Browser Window" library="SeleniumLibrary">
<doc>Maximizes current browser window.</doc>
<status status="PASS" starttime="20230512 12:09:40.037" endtime="20230512 12:09:40.330"></status>
</kw>
<kw name="Wait Until Element Is Visible" library="SeleniumLibrary">
<doc>Waits until element ``locator`` is visible.</doc>
<arguments>
<arg>${img_demoStore}</arg>
</arguments>
<status status="PASS" starttime="20230512 12:09:40.330" endtime="20230512 12:09:40.400"></status>
</kw>
<kw name="Click Link" library="SeleniumLibrary">
<doc>Clicks a link identified by ``locator``.</doc>
<arguments>
<arg>${lnk_register}</arg>
</arguments>
<msg timestamp="20230512 12:09:40.401" level="INFO">Clicking link '//a[@class='ico-register']'.</msg>
<status status="PASS" starttime="20230512 12:09:40.400" endtime="20230512 12:09:41.635"></status>
</kw>
<kw name="Select Radio Button" library="SeleniumLibrary">
<doc>Sets radio button group ``group_name`` to ``value``.</doc>
<arguments>
<arg>${rdBtn_name}</arg>
<arg>${genderName}</arg>
</arguments>
<msg timestamp="20230512 12:09:41.636" level="INFO">Selecting 'F' from radio button 'Gender'.</msg>
<status status="PASS" starttime="20230512 12:09:41.635" endtime="20230512 12:09:41.736"></status>
</kw>
<kw name="First Name" library="FakerLibrary">
<assign>
<var>${firstName}</var>
</assign>
<msg timestamp="20230512 12:09:41.738" level="INFO">${firstName} = Carl</msg>
<status status="PASS" starttime="20230512 12:09:41.737" endtime="20230512 12:09:41.739"></status>
</kw>
<kw name="Input Text" library="SeleniumLibrary">
<doc>Types the given ``text`` into text field identified by ``locator``.</doc>
<arguments>
<arg>${txt_fName}</arg>
<arg>${firstName}</arg>
</arguments>
<msg timestamp="20230512 12:09:41.740" level="INFO">Typing text 'Carl' into text field 'FirstName'.</msg>
<status status="PASS" starttime="20230512 12:09:41.739" endtime="20230512 12:09:41.865"></status>
</kw>
<kw name="Last Name" library="FakerLibrary">
<assign>
<var>${lastName}</var>
</assign>
<msg timestamp="20230512 12:09:41.867" level="INFO">${lastName} = Fletcher</msg>
<status status="PASS" starttime="20230512 12:09:41.866" endtime="20230512 12:09:41.867"></status>
</kw>
<kw name="Input Text" library="SeleniumLibrary">
<doc>Types the given ``text`` into text field identified by ``locator``.</doc>
<arguments>
<arg>${txt_lName}</arg>
<arg>${lastName}</arg>
</arguments>
<msg timestamp="20230512 12:09:41.868" level="INFO">Typing text 'Fletcher' into text field 'LastName'.</msg>
<status status="PASS" starttime="20230512 12:09:41.868" endtime="20230512 12:09:42.013"></status>
</kw>
<kw name="Month Name" library="FakerLibrary">
<assign>
<var>${monthIndex}</var>
</assign>
<msg timestamp="20230512 12:09:42.014" level="INFO">${monthIndex} = June</msg>
<status status="PASS" starttime="20230512 12:09:42.013" endtime="20230512 12:09:42.014"></status>
</kw>
<kw name="Year" library="FakerLibrary">
<assign>
<var>${yearIndex}</var>
</assign>
<msg timestamp="20230512 12:09:42.015" level="INFO">${yearIndex} = 1995</msg>
<status status="PASS" starttime="20230512 12:09:42.014" endtime="20230512 12:09:42.015"></status>
</kw>
<kw name="Select From List By Label" library="SeleniumLibrary">
<doc>Selects options from selection list ``locator`` by ``labels``.</doc>
<arguments>
<arg>${date_locator}</arg>
<arg>${dateIndex}</arg>
</arguments>
<msg timestamp="20230512 12:09:42.016" level="INFO">Selecting options from selection list 'DateOfBirthDay' by label 1.</msg>
<status status="PASS" starttime="20230512 12:09:42.015" endtime="20230512 12:09:42.111"></status>
</kw>
<kw name="Select From List By Label" library="SeleniumLibrary">
<doc>Selects options from selection list ``locator`` by ``labels``.</doc>
<arguments>
<arg>${month_locator}</arg>
<arg>${monthIndex}</arg>
</arguments>
<msg timestamp="20230512 12:09:42.114" level="INFO">Selecting options from selection list 'DateOfBirthMonth' by label June.</msg>
<status status="PASS" starttime="20230512 12:09:42.113" endtime="20230512 12:09:42.215"></status>
</kw>
<kw name="Select From List By Value" library="SeleniumLibrary">
<doc>Selects options from selection list ``locator`` by ``values``.</doc>
<arguments>
<arg>${year_locator}</arg>
<arg>${yearIndex}</arg>
</arguments>
<msg timestamp="20230512 12:09:42.217" level="INFO">Selecting options from selection list 'DateOfBirthYear' by value 1995.</msg>
<status status="PASS" starttime="20230512 12:09:42.216" endtime="20230512 12:09:42.305"></status>
</kw>
<kw name="Email" library="FakerLibrary">
<assign>
<var>${email}</var>
</assign>
<msg timestamp="20230512 12:09:42.306" level="INFO">${email} = angelarich@example.org</msg>
<status status="PASS" starttime="20230512 12:09:42.305" endtime="20230512 12:09:42.306"></status>
</kw>
<kw name="Input Text" library="SeleniumLibrary">
<doc>Types the given ``text`` into text field identified by ``locator``.</doc>
<arguments>
<arg>${txt_email}</arg>
<arg>${email}</arg>
</arguments>
<msg timestamp="20230512 12:09:42.307" level="INFO">Typing text 'angelarich@example.org' into text field 'Email'.</msg>
<status status="PASS" starttime="20230512 12:09:42.306" endtime="20230512 12:09:42.480"></status>
</kw>
<kw name="Company" library="FakerLibrary">
<doc>:example: 'Acme Ltd'</doc>
<assign>
<var>${company}</var>
</assign>
<msg timestamp="20230512 12:09:42.482" level="INFO">${company} = Green-Hernandez</msg>
<status status="PASS" starttime="20230512 12:09:42.481" endtime="20230512 12:09:42.482"></status>
</kw>
<kw name="Input Text" library="SeleniumLibrary">
<doc>Types the given ``text`` into text field identified by ``locator``.</doc>
<arguments>
<arg>${txt_company}</arg>
<arg>${company}</arg>
</arguments>
<msg timestamp="20230512 12:09:42.484" level="INFO">Typing text 'Green-Hernandez' into text field 'Company'.</msg>
<status status="PASS" starttime="20230512 12:09:42.483" endtime="20230512 12:09:42.633"></status>
</kw>
<kw name="Input Password" library="SeleniumLibrary">
<doc>Types the given password into text field identified by ``locator``.</doc>
<arguments>
<arg>${txt_password}</arg>
<arg>${password}</arg>
</arguments>
<msg timestamp="20230512 12:09:42.634" level="INFO">Typing password into text field 'Password'.</msg>
<status status="PASS" starttime="20230512 12:09:42.634" endtime="20230512 12:09:42.792"></status>
</kw>
<kw name="Input Password" library="SeleniumLibrary">
<doc>Types the given password into text field identified by ``locator``.</doc>
<arguments>
<arg>${txt_cnfPassword}</arg>
<arg>${confirmPassword}</arg>
</arguments>
<msg timestamp="20230512 12:09:42.793" level="INFO">Typing password into text field 'ConfirmPassword'.</msg>
<status status="PASS" starttime="20230512 12:09:42.792" endtime="20230512 12:09:42.949"></status>
</kw>
<kw name="Should Be Equal" library="BuiltIn">
<doc>Fails if the given objects are unequal.</doc>
<arguments>
<arg>${password}</arg>
<arg>${confirmPassword}</arg>
</arguments>
<status status="PASS" starttime="20230512 12:09:42.950" endtime="20230512 12:09:42.951"></status>
</kw>
<kw name="Click Button" library="SeleniumLibrary">
<doc>Clicks button identified by ``locator``.</doc>
<arguments>
<arg>${register_btn}</arg>
</arguments>
<msg timestamp="20230512 12:09:42.952" level="INFO">Clicking button 'register-button'.</msg>
<status status="PASS" starttime="20230512 12:09:42.951" endtime="20230512 12:09:44.146"></status>
</kw>
<kw name="Wait Until Page Contains" library="SeleniumLibrary">
<doc>Waits until ``text`` appears on current page.</doc>
<arguments>
<arg>${successRegisterPagetxt}</arg>
</arguments>
<status status="PASS" starttime="20230512 12:09:44.147" endtime="20230512 12:09:44.166"></status>
</kw>
<kw name="Capture Page Screenshot" library="SeleniumLibrary">
<doc>Takes screenshot of the current page and embeds it into log file.</doc>
<arguments>
<arg>C:/Users/kumaran/eclipse-workspace/robotframework/nopCommerceProject (1).zip_expanded/nopCommerceProject/result/screenshot.png</arg>
</arguments>
<msg timestamp="20230512 12:09:44.366" level="INFO" html="yes">&lt;/td&gt;&lt;/tr&gt;&lt;tr&gt;&lt;td colspan="3"&gt;&lt;a href="result/screenshot.png"&gt;&lt;img src="result/screenshot.png" width="800px"&gt;&lt;/a&gt;</msg>
<status status="PASS" starttime="20230512 12:09:44.167" endtime="20230512 12:09:44.366"></status>
</kw>
<kw name="Close Browser" library="SeleniumLibrary" type="teardown">
<doc>Closes the current browser.</doc>
<status status="PASS" starttime="20230512 12:09:44.367" endtime="20230512 12:09:46.690"></status>
</kw>
<status status="PASS" starttime="20230512 12:09:29.149" endtime="20230512 12:09:46.691" critical="yes"></status>
</test>
<doc>This file is for registering account</doc>
<status status="PASS" starttime="20230512 12:09:28.145" endtime="20230512 12:09:46.692"></status>
</suite>
<status status="PASS" starttime="20230512 12:09:28.140" endtime="20230512 12:09:46.694"></status>
</suite>
<status status="PASS" starttime="20230512 12:09:28.091" endtime="20230512 12:09:46.696"></status>
</suite>
<statistics>
<total>
<stat pass="1" fail="0">Critical Tests</stat>
<stat pass="1" fail="0">All Tests</stat>
</total>
<tag>
</tag>
<suite>
<stat pass="1" fail="0" id="s1" name="nopCommerceProject">nopCommerceProject</stat>
<stat pass="1" fail="0" id="s1-s1" name="TestSuite">nopCommerceProject.TestSuite</stat>
<stat pass="1" fail="0" id="s1-s1-s1" name="Register">nopCommerceProject.TestSuite.Register</stat>
</suite>
</statistics>
<errors>
</errors>
</robot>
