<?xml version="1.0" encoding="UTF-8"?>
<robot generator="Robot 3.1.2 (Python 3.7.5 on win32)" generated="20230512 12:49:53.521" rpa="false">
<suite id="s1" name="Register" source="C:\Users\kumaran\eclipse-workspace\robotframework\nopCommerceProject (1).zip_expanded\nopCommerceProject\TestSuite\Register.robot">
<test id="s1-t1" name="Register with incorrect data and validating">
<kw name="Open Browser" library="SeleniumLibrary" type="setup">
<doc>Opens a new browser instance to the given ``url``.</doc>
<arguments>
<arg>${url}</arg>
<arg>${browserName}</arg>
</arguments>
<msg timestamp="20230512 12:49:54.406" level="INFO">Opening browser 'Chrome' to base url 'https://demo.nopcommerce.com/'.</msg>
<status status="PASS" starttime="20230512 12:49:54.405" endtime="20230512 12:50:01.224"></status>
</kw>
<kw name="Maximize Browser Window" library="SeleniumLibrary">
<doc>Maximizes current browser window.</doc>
<status status="PASS" starttime="20230512 12:50:01.225" endtime="20230512 12:50:01.421"></status>
</kw>
<kw name="Wait Until Element Is Visible" library="SeleniumLibrary">
<doc>Waits until element ``locator`` is visible.</doc>
<arguments>
<arg>${img_demoStore}</arg>
</arguments>
<status status="PASS" starttime="20230512 12:50:01.423" endtime="20230512 12:50:01.535"></status>
</kw>
<kw name="Click Link" library="SeleniumLibrary">
<doc>Clicks a link identified by ``locator``.</doc>
<arguments>
<arg>${lnk_register}</arg>
</arguments>
<msg timestamp="20230512 12:50:01.538" level="INFO">Clicking link '//a[@class='ico-register']'.</msg>
<status status="PASS" starttime="20230512 12:50:01.537" endtime="20230512 12:50:02.442"></status>
</kw>
<kw name="Input Text" library="SeleniumLibrary">
<doc>Types the given ``text`` into text field identified by ``locator``.</doc>
<arguments>
<arg>${txt_fName}</arg>
<arg>${nameFirst}</arg>
</arguments>
<msg timestamp="20230512 12:50:02.446" level="INFO">Typing text ' ' into text field 'FirstName'.</msg>
<status status="PASS" starttime="20230512 12:50:02.445" endtime="20230512 12:50:02.554"></status>
</kw>
<kw name="Input Text" library="SeleniumLibrary">
<doc>Types the given ``text`` into text field identified by ``locator``.</doc>
<arguments>
<arg>${txt_lName}</arg>
<arg>${nameLast}</arg>
</arguments>
<msg timestamp="20230512 12:50:02.555" level="INFO">Typing text ' ' into text field 'LastName'.</msg>
<status status="PASS" starttime="20230512 12:50:02.555" endtime="20230512 12:50:02.670"></status>
</kw>
<kw name="Input Text" library="SeleniumLibrary">
<doc>Types the given ``text`` into text field identified by ``locator``.</doc>
<arguments>
<arg>${txt_email}</arg>
<arg>${invalidEmail}</arg>
</arguments>
<msg timestamp="20230512 12:50:02.671" level="INFO">Typing text 'gouse@gmail.com' into text field 'Email'.</msg>
<status status="PASS" starttime="20230512 12:50:02.671" endtime="20230512 12:50:02.809"></status>
</kw>
<kw name="Input Text" library="SeleniumLibrary">
<doc>Types the given ``text`` into text field identified by ``locator``.</doc>
<arguments>
<arg>${txt_company}</arg>
<arg>${invalidCompany}</arg>
</arguments>
<msg timestamp="20230512 12:50:02.812" level="INFO">Typing text 'Kumaran Systems Private Limited' into text field 'Company'.</msg>
<status status="PASS" starttime="20230512 12:50:02.810" endtime="20230512 12:50:02.985"></status>
</kw>
<kw name="Input Password" library="SeleniumLibrary">
<doc>Types the given password into text field identified by ``locator``.</doc>
<arguments>
<arg>${txt_password}</arg>
<arg>${invalidpassword}</arg>
</arguments>
<msg timestamp="20230512 12:50:02.986" level="INFO">Typing password into text field 'Password'.</msg>
<status status="PASS" starttime="20230512 12:50:02.985" endtime="20230512 12:50:03.100"></status>
</kw>
<kw name="Input Password" library="SeleniumLibrary">
<doc>Types the given password into text field identified by ``locator``.</doc>
<arguments>
<arg>${txt_password}</arg>
<arg>${invalidConfirmPassword}</arg>
</arguments>
<msg timestamp="20230512 12:50:03.101" level="INFO">Typing password into text field 'Password'.</msg>
<status status="PASS" starttime="20230512 12:50:03.101" endtime="20230512 12:50:03.196"></status>
</kw>
<kw name="Click Button" library="SeleniumLibrary">
<doc>Clicks button identified by ``locator``.</doc>
<arguments>
<arg>${register_btn}</arg>
</arguments>
<msg timestamp="20230512 12:50:03.197" level="INFO">Clicking button 'register-button'.</msg>
<status status="PASS" starttime="20230512 12:50:03.196" endtime="20230512 12:50:03.284"></status>
</kw>
<kw name="Close Browser" library="SeleniumLibrary" type="teardown">
<doc>Closes the current browser.</doc>
<status status="PASS" starttime="20230512 12:50:03.285" endtime="20230512 12:50:05.579"></status>
</kw>
<tags>
<tag>regression</tag>
</tags>
<status status="PASS" starttime="20230512 12:49:54.404" endtime="20230512 12:50:05.580" critical="yes"></status>
</test>
<doc>This file is for registering account</doc>
<status status="PASS" starttime="20230512 12:49:53.523" endtime="20230512 12:50:05.583"></status>
</suite>
<statistics>
<total>
<stat pass="1" fail="0">Critical Tests</stat>
<stat pass="1" fail="0">All Tests</stat>
</total>
<tag>
<stat pass="1" fail="0">regression</stat>
</tag>
<suite>
<stat pass="1" fail="0" id="s1" name="Register">Register</stat>
</suite>
</statistics>
<errors>
</errors>
</robot>
